Using pre-set license
Built from '2021.1/release' branch; Version is '2021.1.16f1 (5fa502fca597) revision 6268162'; Using compiler version '192528614'; Build Type 'Release'
OS: 'Windows 10 Pro; OS build 19043.1288; Version 2009; 64bit' Language: 'pt' Physical Memory: 16181 MB
BatchMode: 1, IsHumanControllingUs: 0, StartBugReporterOnCrash: 0, Is64bit: 1, IsPro: 0

 COMMAND LINE ARGUMENTS:
C:\Program Files\Unity\Hub\Editor\2021.1.16f1\Editor\Unity.exe
-adb2
-batchMode
-noUpm
-name
AssetImportWorker0
-projectPath
C:/Users/bernardo.franca/OneDrive - SENAC-SC/Documentos/GitHub/sd/School-days-last
-logFile
Logs/AssetImportWorker0.log
-srvPort
59705
Successfully changed project path to: C:/Users/bernardo.franca/OneDrive - SENAC-SC/Documentos/GitHub/sd/School-days-last
C:/Users/bernardo.franca/OneDrive - SENAC-SC/Documentos/GitHub/sd/School-days-last
Using Asset Import Pipeline V2.
Refreshing native plugins compatible for Editor in 64.34 ms, found 3 plugins.
Preloading 0 native plugins for Editor in 0.00 ms.
Initialize engine version: 2021.1.16f1 (5fa502fca597)
[Subsystems] Discovering subsystems at path C:/Program Files/Unity/Hub/Editor/2021.1.16f1/Editor/Data/Resources/UnitySubsystems
[Subsystems] Discovering subsystems at path C:/Users/bernardo.franca/OneDrive - SENAC-SC/Documentos/GitHub/sd/School-days-last/Assets
GfxDevice: creating device client; threaded=0; jobified=0
Direct3D:
    Version:  Direct3D 11.0 [level 11.1]
    Renderer: NVIDIA Quadro P620 (ID=0x1cb6)
    Vendor:   NVIDIA
    VRAM:     1977 MB
    Driver:   27.21.14.5239
Initialize mono
Mono path[0] = 'C:/Program Files/Unity/Hub/Editor/2021.1.16f1/Editor/Data/Managed'
Mono path[1] = 'C:/Program Files/Unity/Hub/Editor/2021.1.16f1/Editor/Data/MonoBleedingEdge/lib/mono/unityjit'
Mono config path = 'C:/Program Files/Unity/Hub/Editor/2021.1.16f1/Editor/Data/MonoBleedingEdge/etc'
Using monoOptions --debugger-agent=transport=dt_socket,embedding=1,server=y,suspend=n,address=127.0.0.1:56308
Begin MonoManager ReloadAssembly
Registering precompiled unity dll's ...
Register platform support module: C:/Program Files/Unity/Hub/Editor/2021.1.16f1/Editor/Data/PlaybackEngines/WindowsStandaloneSupport/UnityEditor.WindowsStandalone.Extensions.dll
Registered in 0.001710 seconds.
Native extension for WindowsStandalone target not found
Refreshing native plugins compatible for Editor in 64.10 ms, found 3 plugins.
Preloading 0 native plugins for Editor in 0.00 ms.
Mono: successfully reloaded assembly
- Completed reload, in  1.092 seconds
Domain Reload Profiling:
	ReloadAssembly (1092ms)
		BeginReloadAssembly (56ms)
			ExecutionOrderSort (0ms)
			DisableScriptedObjects (0ms)
			BackupInstance (0ms)
			ReleaseScriptingObjects (0ms)
			CreateAndSetChildDomain (1ms)
		EndReloadAssembly (382ms)
			LoadAssemblies (54ms)
			RebuildTransferFunctionScriptingTraits (0ms)
			SetupTypeCache (140ms)
			ReleaseScriptCaches (0ms)
			RebuildScriptCaches (27ms)
			SetupLoadedEditorAssemblies (177ms)
				LogAssemblyErrors (0ms)
				InitializePlatformSupportModulesInManaged (5ms)
				SetLoadedEditorAssemblies (0ms)
				RefreshPlugins (64ms)
				BeforeProcessingInitializeOnLoad (1ms)
				ProcessInitializeOnLoadAttributes (81ms)
				ProcessInitializeOnLoadMethodAttributes (25ms)
				AfterProcessingInitializeOnLoad (0ms)
				EditorAssembliesLoaded (0ms)
			ExecutionOrderSort2 (0ms)
			AwakeInstancesAfterBackupRestoration (0ms)
Platform modules already initialized, skipping
Registering precompiled user dll's ...
Registered in 0.005282 seconds.
Begin MonoManager ReloadAssembly
Symbol file LoadedFromMemory doesn't match image C:\Users\bernardo.franca\OneDrive - SENAC-SC\Documentos\GitHub\sd\School-days-last\Library\PackageCache\com.unity.visualscripting@1.6.1\Editor\VisualScripting.Core\Dependencies\YamlDotNet\Unity.VisualScripting.YamlDotNet.dll
Symbol file LoadedFromMemory doesn't match image C:\Users\bernardo.franca\OneDrive - SENAC-SC\Documentos\GitHub\sd\School-days-last\Library\PackageCache\com.unity.visualscripting@1.6.1\Editor\VisualScripting.Core\Dependencies\DotNetZip\Unity.VisualScripting.IonicZip.dll
Native extension for WindowsStandalone target not found
Refreshing native plugins compatible for Editor in 0.50 ms, found 3 plugins.
Preloading 0 native plugins for Editor in 0.00 ms.
Mono: successfully reloaded assembly
- Completed reload, in  1.061 seconds
Domain Reload Profiling:
	ReloadAssembly (1061ms)
		BeginReloadAssembly (135ms)
			ExecutionOrderSort (0ms)
			DisableScriptedObjects (4ms)
			BackupInstance (0ms)
			ReleaseScriptingObjects (0ms)
			CreateAndSetChildDomain (17ms)
		EndReloadAssembly (876ms)
			LoadAssemblies (82ms)
			RebuildTransferFunctionScriptingTraits (0ms)
			SetupTypeCache (323ms)
			ReleaseScriptCaches (0ms)
			RebuildScriptCaches (39ms)
			SetupLoadedEditorAssemblies (359ms)
				LogAssemblyErrors (0ms)
				InitializePlatformSupportModulesInManaged (4ms)
				SetLoadedEditorAssemblies (0ms)
				RefreshPlugins (1ms)
				BeforeProcessingInitializeOnLoad (56ms)
				ProcessInitializeOnLoadAttributes (288ms)
				ProcessInitializeOnLoadMethodAttributes (4ms)
				AfterProcessingInitializeOnLoad (6ms)
				EditorAssembliesLoaded (0ms)
			ExecutionOrderSort2 (0ms)
			AwakeInstancesAfterBackupRestoration (6ms)
Platform modules already initialized, skipping
========================================================================
Worker process is ready to serve import requests
Launched and connected shader compiler UnityShaderCompiler.exe after 0.03 seconds
Refreshing native plugins compatible for Editor in 0.50 ms, found 3 plugins.
Preloading 0 native plugins for Editor in 0.00 ms.
Unloading 2948 Unused Serialized files (Serialized files now loaded: 0)
System memory in use before: 106.5 MB.
System memory in use after: 106.7 MB.

Unloading 22 unused Assets to reduce memory usage. Loaded Objects now: 3393.
Total: 3.129300 ms (FindLiveObjects: 0.212100 ms CreateObjectMapping: 0.109500 ms MarkObjects: 2.755700 ms  DeleteObjects: 0.051300 ms)

AssetImportParameters requested are different than current active one (requested -> active):
  custom:framework-win-MediaFoundation: 216162199b28c13a410421893ffa2e32 -> 
  custom:video-decoder-ogg-theora: a1e56fd34408186e4bbccfd4996cb3dc -> 
  custom:container-muxer-webm: aa71ff27fc2769a1b78a27578f13a17b -> 
  custom:container-demuxer-webm: 4f35f7cbe854078d1ac9338744f61a02 -> 
  custom:container-demuxer-ogg: 62fdf1f143b41e24485cea50d1cbac27 -> 
  custom:video-encoder-webm-vp8: eb34c28f22e8b96e1ab97ce403110664 -> 
  custom:video-decoder-webm-vp8: 9c59270c3fd7afecdb556c50c9e8de78 -> 
  custom:audio-decoder-ogg-vorbis: bf7c407c2cedff20999df2af8eb42d56 -> 
  custom:audio-encoder-webm-vorbis: bf7c407c2cedff20999df2af8eb42d56 -> 
========================================================================
Received Import Request.
  path: Assets/Scenes
  artifactKey: Guid(c7dd60ca564d08d4098475926beea7bf) Importer(815301076,1909f56bfc062723c751e8b465ee728b)
Start importing Assets/Scenes using Guid(c7dd60ca564d08d4098475926beea7bf) Importer(815301076,1909f56bfc062723c751e8b465ee728b)  -> (artifact id: '03e4e9252a409322286c0faf3763d953') in 0.007714 seconds 
========================================================================
Received Import Request.
  Time since last request: 11.277390 seconds.
  path: Assets/Scenes/Corredor.unity
  artifactKey: Guid(5173052ffbec21243b9d1f3aeed8d926) Importer(815301076,1909f56bfc062723c751e8b465ee728b)
Start importing Assets/Scenes/Corredor.unity using Guid(5173052ffbec21243b9d1f3aeed8d926) Importer(815301076,1909f56bfc062723c751e8b465ee728b)  -> (artifact id: 'c313cb13b10ac0aee5c2a4e59c8784b8') in 0.016741 seconds 
========================================================================
Received Import Request.
  Time since last request: 27.406794 seconds.
  path: Assets/Scenes/SampleScene.unity
  artifactKey: Guid(9fc0d4010bbf28b4594072e72b8655ab) Importer(815301076,1909f56bfc062723c751e8b465ee728b)
Start importing Assets/Scenes/SampleScene.unity using Guid(9fc0d4010bbf28b4594072e72b8655ab) Importer(815301076,1909f56bfc062723c751e8b465ee728b)  -> (artifact id: 'dcc088d1731b590f9572c6f2bab98c6a') in 0.006073 seconds 
========================================================================
Received Import Request.
  Time since last request: 38.934150 seconds.
  path: Assets
  artifactKey: Guid(00000000000000001000000000000000) Importer(815301076,1909f56bfc062723c751e8b465ee728b)
Start importing Assets using Guid(00000000000000001000000000000000) Importer(815301076,1909f56bfc062723c751e8b465ee728b)  -> (artifact id: '42d402b061de3733987d63b9cc3b64de') in 0.005953 seconds 
========================================================================
Received Import Request.
  Time since last request: 4.654292 seconds.
  path: Assets/Sprites
  artifactKey: Guid(8082ae8090d8f6f45a9ad7cfe1598586) Importer(815301076,1909f56bfc062723c751e8b465ee728b)
Start importing Assets/Sprites using Guid(8082ae8090d8f6f45a9ad7cfe1598586) Importer(815301076,1909f56bfc062723c751e8b465ee728b)  -> (artifact id: 'b50b1049c288319c3169d1ef362986f7') in 0.004816 seconds 
========================================================================
Received Import Request.
  Time since last request: 55.729728 seconds.
  path: Assets/Sprites/corredor montado-20.obj
  artifactKey: Guid(9962604a215c6b6429a34cbca0a1841d) Importer(815301076,1909f56bfc062723c751e8b465ee728b)
Start importing Assets/Sprites/corredor montado-20.obj using Guid(9962604a215c6b6429a34cbca0a1841d) Importer(815301076,1909f56bfc062723c751e8b465ee728b)  -> (artifact id: 'b46b5010744837fd70f4ff3e70cba86b') in 0.460918 seconds 
========================================================================
Received Import Request.
  Time since last request: 5.218537 seconds.
  path: Assets/Sprites/corredor montado-18.png
  artifactKey: Guid(e05a5ffc2ec47364f97c01587da1da69) Importer(815301076,1909f56bfc062723c751e8b465ee728b)
Start importing Assets/Sprites/corredor montado-18.png using Guid(e05a5ffc2ec47364f97c01587da1da69) Importer(815301076,1909f56bfc062723c751e8b465ee728b)  -> (artifact id: '7c3bbcda959b0bbd35afe522695e1905') in 0.050314 seconds 
========================================================================
Received Import Request.
  Time since last request: 2.635016 seconds.
  path: Assets/Sprites/corredor montado-1.mtl
  artifactKey: Guid(ec2996a9c202e3443b6fd72e41c3ee0d) Importer(815301076,1909f56bfc062723c751e8b465ee728b)
Start importing Assets/Sprites/corredor montado-1.mtl using Guid(ec2996a9c202e3443b6fd72e41c3ee0d) Importer(815301076,1909f56bfc062723c751e8b465ee728b)  -> (artifact id: 'cf83ae7231afe76639a852b61a902b4a') in 0.008521 seconds 
========================================================================
Received Import Request.
  Time since last request: 1.500203 seconds.
  path: Assets/Sprites/corredor montado-0.mtl
  artifactKey: Guid(58e5eee3fba96a94aba49b68afe0feaa) Importer(815301076,1909f56bfc062723c751e8b465ee728b)
Start importing Assets/Sprites/corredor montado-0.mtl using Guid(58e5eee3fba96a94aba49b68afe0feaa) Importer(815301076,1909f56bfc062723c751e8b465ee728b)  -> (artifact id: '9583e692bd4f7bdd5a2b5a64073e7949') in 0.005315 seconds 
========================================================================
Received Import Request.
  Time since last request: 0.392075 seconds.
  path: Assets/Sprites/corredor montado-0.obj
  artifactKey: Guid(d0af54fbe45f835489709446bf79be23) Importer(815301076,1909f56bfc062723c751e8b465ee728b)
Start importing Assets/Sprites/corredor montado-0.obj using Guid(d0af54fbe45f835489709446bf79be23) Importer(815301076,1909f56bfc062723c751e8b465ee728b)  -> (artifact id: '09b0e3aeac01c6d21e53bcda5b662c53') in 0.016375 seconds 
========================================================================
Received Import Request.
  Time since last request: 23.258515 seconds.
  path: Assets/Sprites/corredor montado-2.mtl
  artifactKey: Guid(5f61ac0e68456d1458ac60a8b546bfe4) Importer(815301076,1909f56bfc062723c751e8b465ee728b)
Start importing Assets/Sprites/corredor montado-2.mtl using Guid(5f61ac0e68456d1458ac60a8b546bfe4) Importer(815301076,1909f56bfc062723c751e8b465ee728b)  -> (artifact id: '419283f770104af5d3bf8b926fd15d5e') in 0.005499 seconds 
========================================================================
Received Import Request.
  Time since last request: 31.609212 seconds.
  path: Assets/Sprites/corredor montado-1.obj
  artifactKey: Guid(e7fdb7abe945a404ea0aa07faf002b43) Importer(815301076,1909f56bfc062723c751e8b465ee728b)
Start importing Assets/Sprites/corredor montado-1.obj using Guid(e7fdb7abe945a404ea0aa07faf002b43) Importer(815301076,1909f56bfc062723c751e8b465ee728b)  -> (artifact id: 'd218094d6c90097747a73f1fe1700838') in 0.017646 seconds 
========================================================================
Received Import Request.
  Time since last request: 8.920181 seconds.
  path: Assets/Sprites/corredor montado-1.png
  artifactKey: Guid(b589e0f1ed264444e871cffe5d5c0968) Importer(815301076,1909f56bfc062723c751e8b465ee728b)
Start importing Assets/Sprites/corredor montado-1.png using Guid(b589e0f1ed264444e871cffe5d5c0968) Importer(815301076,1909f56bfc062723c751e8b465ee728b)  -> (artifact id: '089d1895e72dd39586c65d78be07ccb0') in 0.007337 seconds 
========================================================================
Received Import Request.
  Time since last request: 87.969872 seconds.
  path: Assets/Sprites/corredor montado-56.mtl
  artifactKey: Guid(178131ace84c791408b4170159cd9bcc) Importer(815301076,1909f56bfc062723c751e8b465ee728b)
Start importing Assets/Sprites/corredor montado-56.mtl using Guid(178131ace84c791408b4170159cd9bcc) Importer(815301076,1909f56bfc062723c751e8b465ee728b)  -> (artifact id: 'fac6dcff23be36e5235635059e3185f1') in 0.005976 seconds 
========================================================================
Received Import Request.
  Time since last request: 491.735954 seconds.
  path: Assets/Sprites/corredor montado-0.png
  artifactKey: Guid(8b620c9a00ffd674fa640fd264d3e191) Importer(815301076,1909f56bfc062723c751e8b465ee728b)
Start importing Assets/Sprites/corredor montado-0.png using Guid(8b620c9a00ffd674fa640fd264d3e191) Importer(815301076,1909f56bfc062723c751e8b465ee728b)  -> (artifact id: 'f7777e223895b1ea4bd729d5f1582702') in 0.009002 seconds 
