Using pre-set license
Built from '2021.1/staging' branch; Version is '2021.1.17f1 (03b40fe07a36) revision 242703'; Using compiler version '192528614'; Build Type 'Release'
OS: 'Windows 10 Pro; OS build 19043.1288; Version 2009; 64bit' Language: 'pt' Physical Memory: 16181 MB
BatchMode: 1, IsHumanControllingUs: 0, StartBugReporterOnCrash: 0, Is64bit: 1, IsPro: 0

 COMMAND LINE ARGUMENTS:
C:\Program Files\Unity\Hub\Editor\2021.1.17f1\Editor\Unity.exe
-adb2
-batchMode
-noUpm
-name
AssetImportWorker0
-projectPath
C:/Users/eduardo.cruz/Documents/GitHub/School-days-last
-logFile
Logs/AssetImportWorker0.log
-srvPort
63318
Successfully changed project path to: C:/Users/eduardo.cruz/Documents/GitHub/School-days-last
C:/Users/eduardo.cruz/Documents/GitHub/School-days-last
Using Asset Import Pipeline V2.
Refreshing native plugins compatible for Editor in 71.44 ms, found 3 plugins.
Preloading 0 native plugins for Editor in 0.00 ms.
Initialize engine version: 2021.1.17f1 (03b40fe07a36)
[Subsystems] Discovering subsystems at path C:/Program Files/Unity/Hub/Editor/2021.1.17f1/Editor/Data/Resources/UnitySubsystems
[Subsystems] Discovering subsystems at path C:/Users/eduardo.cruz/Documents/GitHub/School-days-last/Assets
GfxDevice: creating device client; threaded=0; jobified=0
Direct3D:
    Version:  Direct3D 11.0 [level 11.1]
    Renderer: NVIDIA Quadro P620 (ID=0x1cb6)
    Vendor:   NVIDIA
    VRAM:     1977 MB
    Driver:   27.21.14.5239
Initialize mono
Mono path[0] = 'C:/Program Files/Unity/Hub/Editor/2021.1.17f1/Editor/Data/Managed'
Mono path[1] = 'C:/Program Files/Unity/Hub/Editor/2021.1.17f1/Editor/Data/MonoBleedingEdge/lib/mono/unityjit'
Mono config path = 'C:/Program Files/Unity/Hub/Editor/2021.1.17f1/Editor/Data/MonoBleedingEdge/etc'
Using monoOptions --debugger-agent=transport=dt_socket,embedding=1,server=y,suspend=n,address=127.0.0.1:56324
Begin MonoManager ReloadAssembly
Registering precompiled unity dll's ...
Register platform support module: C:/Program Files/Unity/Hub/Editor/2021.1.17f1/Editor/Data/PlaybackEngines/WindowsStandaloneSupport/UnityEditor.WindowsStandalone.Extensions.dll
Registered in 0.001649 seconds.
Native extension for WindowsStandalone target not found
Refreshing native plugins compatible for Editor in 70.84 ms, found 3 plugins.
Preloading 0 native plugins for Editor in 0.00 ms.
Mono: successfully reloaded assembly
- Completed reload, in  1.215 seconds
Domain Reload Profiling:
	ReloadAssembly (1216ms)
		BeginReloadAssembly (63ms)
			ExecutionOrderSort (0ms)
			DisableScriptedObjects (0ms)
			BackupInstance (0ms)
			ReleaseScriptingObjects (0ms)
			CreateAndSetChildDomain (1ms)
		EndReloadAssembly (404ms)
			LoadAssemblies (62ms)
			RebuildTransferFunctionScriptingTraits (0ms)
			SetupTypeCache (143ms)
			ReleaseScriptCaches (0ms)
			RebuildScriptCaches (27ms)
			SetupLoadedEditorAssemblies (195ms)
				LogAssemblyErrors (0ms)
				InitializePlatformSupportModulesInManaged (5ms)
				SetLoadedEditorAssemblies (0ms)
				RefreshPlugins (71ms)
				BeforeProcessingInitializeOnLoad (1ms)
				ProcessInitializeOnLoadAttributes (82ms)
				ProcessInitializeOnLoadMethodAttributes (36ms)
				AfterProcessingInitializeOnLoad (0ms)
				EditorAssembliesLoaded (0ms)
			ExecutionOrderSort2 (0ms)
			AwakeInstancesAfterBackupRestoration (0ms)
Platform modules already initialized, skipping
Registering precompiled user dll's ...
Registered in 0.004883 seconds.
Begin MonoManager ReloadAssembly
Symbol file LoadedFromMemory doesn't match image C:\Users\eduardo.cruz\Documents\GitHub\School-days-last\Library\PackageCache\com.unity.visualscripting@1.6.1\Editor\VisualScripting.Core\Dependencies\YamlDotNet\Unity.VisualScripting.YamlDotNet.dll
Symbol file LoadedFromMemory doesn't match image C:\Users\eduardo.cruz\Documents\GitHub\School-days-last\Library\PackageCache\com.unity.visualscripting@1.6.1\Editor\VisualScripting.Core\Dependencies\DotNetZip\Unity.VisualScripting.IonicZip.dll
Native extension for WindowsStandalone target not found
Refreshing native plugins compatible for Editor in 0.52 ms, found 3 plugins.
Preloading 0 native plugins for Editor in 0.00 ms.
Mono: successfully reloaded assembly
- Completed reload, in  1.534 seconds
Domain Reload Profiling:
	ReloadAssembly (1534ms)
		BeginReloadAssembly (139ms)
			ExecutionOrderSort (0ms)
			DisableScriptedObjects (4ms)
			BackupInstance (0ms)
			ReleaseScriptingObjects (0ms)
			CreateAndSetChildDomain (17ms)
		EndReloadAssembly (1345ms)
			LoadAssemblies (393ms)
			RebuildTransferFunctionScriptingTraits (0ms)
			SetupTypeCache (296ms)
			ReleaseScriptCaches (0ms)
			RebuildScriptCaches (41ms)
			SetupLoadedEditorAssemblies (537ms)
				LogAssemblyErrors (0ms)
				InitializePlatformSupportModulesInManaged (4ms)
				SetLoadedEditorAssemblies (0ms)
				RefreshPlugins (1ms)
				BeforeProcessingInitializeOnLoad (61ms)
				ProcessInitializeOnLoadAttributes (460ms)
				ProcessInitializeOnLoadMethodAttributes (4ms)
				AfterProcessingInitializeOnLoad (6ms)
				EditorAssembliesLoaded (0ms)
			ExecutionOrderSort2 (0ms)
			AwakeInstancesAfterBackupRestoration (6ms)
Platform modules already initialized, skipping
========================================================================
Worker process is ready to serve import requests
Launched and connected shader compiler UnityShaderCompiler.exe after 0.10 seconds
Refreshing native plugins compatible for Editor in 0.53 ms, found 3 plugins.
Preloading 0 native plugins for Editor in 0.00 ms.
Unloading 2948 Unused Serialized files (Serialized files now loaded: 0)
System memory in use before: 105.7 MB.
System memory in use after: 105.9 MB.

Unloading 22 unused Assets to reduce memory usage. Loaded Objects now: 3393.
Total: 3.303500 ms (FindLiveObjects: 0.227000 ms CreateObjectMapping: 0.138000 ms MarkObjects: 2.885400 ms  DeleteObjects: 0.052300 ms)

AssetImportParameters requested are different than current active one (requested -> active):
  custom:framework-win-MediaFoundation: 216162199b28c13a410421893ffa2e32 -> 
  custom:video-decoder-ogg-theora: a1e56fd34408186e4bbccfd4996cb3dc -> 
  custom:container-muxer-webm: aa71ff27fc2769a1b78a27578f13a17b -> 
  custom:container-demuxer-webm: 4f35f7cbe854078d1ac9338744f61a02 -> 
  custom:container-demuxer-ogg: 62fdf1f143b41e24485cea50d1cbac27 -> 
  custom:video-encoder-webm-vp8: eb34c28f22e8b96e1ab97ce403110664 -> 
  custom:video-decoder-webm-vp8: 9c59270c3fd7afecdb556c50c9e8de78 -> 
  custom:audio-decoder-ogg-vorbis: bf7c407c2cedff20999df2af8eb42d56 -> 
  custom:audio-encoder-webm-vorbis: bf7c407c2cedff20999df2af8eb42d56 -> 
========================================================================
Received Import Request.
  path: Assets/Sprites/escada.obj
  artifactKey: Guid(8f8f7202a29829743925da2430b8565f) Importer(815301076,1909f56bfc062723c751e8b465ee728b)
Start importing Assets/Sprites/escada.obj using Guid(8f8f7202a29829743925da2430b8565f) Importer(815301076,1909f56bfc062723c751e8b465ee728b)  -> (artifact id: '4aad4a2268c5ab2b56d042bd42f0bc83') in 0.308479 seconds 
========================================================================
Received Import Request.
  Time since last request: 0.000255 seconds.
  path: Assets/Sprites/lixo verde.png
  artifactKey: Guid(4bd8f93b0455a24488708740dfeb4d0f) Importer(815301076,1909f56bfc062723c751e8b465ee728b)
Start importing Assets/Sprites/lixo verde.png using Guid(4bd8f93b0455a24488708740dfeb4d0f) Importer(815301076,1909f56bfc062723c751e8b465ee728b)  -> (artifact id: 'b57442af91ab287147c9d73e283e7a99') in 0.022752 seconds 
========================================================================
Received Import Request.
  Time since last request: 0.000225 seconds.
  path: Assets/Sprites/lixo azul.png
  artifactKey: Guid(407489abefa95d34fb793bcac5880dd2) Importer(815301076,1909f56bfc062723c751e8b465ee728b)
Start importing Assets/Sprites/lixo azul.png using Guid(407489abefa95d34fb793bcac5880dd2) Importer(815301076,1909f56bfc062723c751e8b465ee728b)  -> (artifact id: 'a4cc5bb02fda41bce945bec284f6be1e') in 0.007815 seconds 
========================================================================
Received Import Request.
  Time since last request: 0.000284 seconds.
  path: Assets/Sprites/quadro negro.obj
  artifactKey: Guid(817a1877e97657c4d837da5a4c84210c) Importer(815301076,1909f56bfc062723c751e8b465ee728b)
Start importing Assets/Sprites/quadro negro.obj using Guid(817a1877e97657c4d837da5a4c84210c) Importer(815301076,1909f56bfc062723c751e8b465ee728b)  -> (artifact id: '7b3a58ba2a4022713f4126504aed8064') in 0.017032 seconds 
========================================================================
Received Import Request.
  Time since last request: 0.000261 seconds.
  path: Assets/Sprites/lixo azul.obj
  artifactKey: Guid(229bdcb18f57ecf459fd15f3748e9f0e) Importer(815301076,1909f56bfc062723c751e8b465ee728b)
Start importing Assets/Sprites/lixo azul.obj using Guid(229bdcb18f57ecf459fd15f3748e9f0e) Importer(815301076,1909f56bfc062723c751e8b465ee728b)  -> (artifact id: '2e27043a381450cc926d371c3dc0e2df') in 0.016005 seconds 
========================================================================
Received Import Request.
  Time since last request: 0.000203 seconds.
  path: Assets/Sprites/lixo amarelo.png
  artifactKey: Guid(78000478fa56c754d983059a779cfcfe) Importer(815301076,1909f56bfc062723c751e8b465ee728b)
Start importing Assets/Sprites/lixo amarelo.png using Guid(78000478fa56c754d983059a779cfcfe) Importer(815301076,1909f56bfc062723c751e8b465ee728b)  -> (artifact id: '559a2454057d127ad421b66f20ef7935') in 0.008132 seconds 
========================================================================
Received Import Request.
  Time since last request: 0.000240 seconds.
  path: Assets/Sprites/lixo verde.obj
  artifactKey: Guid(639679f3447b251478afa6318a0442be) Importer(815301076,1909f56bfc062723c751e8b465ee728b)
Start importing Assets/Sprites/lixo verde.obj using Guid(639679f3447b251478afa6318a0442be) Importer(815301076,1909f56bfc062723c751e8b465ee728b)  -> (artifact id: '5f8045de3971c29f5e7160e9d20f05e8') in 0.015849 seconds 
========================================================================
Received Import Request.
  Time since last request: 0.000258 seconds.
  path: Assets/Sprites/mural.obj
  artifactKey: Guid(41b7ff1158eb92b4f8e903f4dd62652a) Importer(815301076,1909f56bfc062723c751e8b465ee728b)
Start importing Assets/Sprites/mural.obj using Guid(41b7ff1158eb92b4f8e903f4dd62652a) Importer(815301076,1909f56bfc062723c751e8b465ee728b)  -> (artifact id: 'e57625dbf2712a462296782535b4c933') in 0.017030 seconds 
========================================================================
Received Import Request.
  Time since last request: 0.000283 seconds.
  path: Assets/Sprites/armário azul.obj
  artifactKey: Guid(48aa74c7521bf3e40b20c94c4b35f425) Importer(815301076,1909f56bfc062723c751e8b465ee728b)
Start importing Assets/Sprites/armário azul.obj using Guid(48aa74c7521bf3e40b20c94c4b35f425) Importer(815301076,1909f56bfc062723c751e8b465ee728b)  -> (artifact id: 'fdd3ab9a7493e44776920f828ac4f2b7') in 0.016446 seconds 
========================================================================
Received Import Request.
  Time since last request: 0.000240 seconds.
  path: Assets/Sprites/lixo amarelo.obj
  artifactKey: Guid(baa2b1cf8a916c64baa8b532e9a9fba5) Importer(815301076,1909f56bfc062723c751e8b465ee728b)
Start importing Assets/Sprites/lixo amarelo.obj using Guid(baa2b1cf8a916c64baa8b532e9a9fba5) Importer(815301076,1909f56bfc062723c751e8b465ee728b)  -> (artifact id: '993278d1d5f22bdca0a4bbf98d310d00') in 0.025276 seconds 
========================================================================
Received Import Request.
  Time since last request: 0.000247 seconds.
  path: Assets/Sprites/mural.png
  artifactKey: Guid(ccbbcb79e6287e24eb255b04262a90e5) Importer(815301076,1909f56bfc062723c751e8b465ee728b)
Start importing Assets/Sprites/mural.png using Guid(ccbbcb79e6287e24eb255b04262a90e5) Importer(815301076,1909f56bfc062723c751e8b465ee728b)  -> (artifact id: '6e2925b501e6b3ff68b57c51c5a98fa1') in 0.007304 seconds 
========================================================================
Received Import Request.
  Time since last request: 0.000251 seconds.
  path: Assets/Sprites/armário amarelo.png
  artifactKey: Guid(91b08f4c265c0a54e84148599322a0d0) Importer(815301076,1909f56bfc062723c751e8b465ee728b)
Start importing Assets/Sprites/armário amarelo.png using Guid(91b08f4c265c0a54e84148599322a0d0) Importer(815301076,1909f56bfc062723c751e8b465ee728b)  -> (artifact id: '68b899a1752e5364d78fa493c4d9832c') in 0.008349 seconds 
========================================================================
Received Import Request.
  Time since last request: 0.000240 seconds.
  path: Assets/Sprites/quadro negro.png
  artifactKey: Guid(9d102d0cb07d9024da38d896bdb76903) Importer(815301076,1909f56bfc062723c751e8b465ee728b)
Start importing Assets/Sprites/quadro negro.png using Guid(9d102d0cb07d9024da38d896bdb76903) Importer(815301076,1909f56bfc062723c751e8b465ee728b)  -> (artifact id: '1621606683f63a9cae4868be4c067a5c') in 0.004554 seconds 
========================================================================
Received Import Request.
  Time since last request: 0.000261 seconds.
  path: Assets/Sprites/armário azul.png
  artifactKey: Guid(35a5d63b9adb84f4fb8554bc577197e7) Importer(815301076,1909f56bfc062723c751e8b465ee728b)
Start importing Assets/Sprites/armário azul.png using Guid(35a5d63b9adb84f4fb8554bc577197e7) Importer(815301076,1909f56bfc062723c751e8b465ee728b)  -> (artifact id: 'b7ff6896f89a7aa1947d60a6f9394bef') in 0.004628 seconds 
========================================================================
Received Import Request.
  Time since last request: 0.000215 seconds.
  path: Assets/Sprites/lixo vermelho 1.obj
  artifactKey: Guid(14f487a7498c2304b93f0d8cdf9f41c0) Importer(815301076,1909f56bfc062723c751e8b465ee728b)
Start importing Assets/Sprites/lixo vermelho 1.obj using Guid(14f487a7498c2304b93f0d8cdf9f41c0) Importer(815301076,1909f56bfc062723c751e8b465ee728b)  -> (artifact id: '58cf912644506c670baf736b5f15300c') in 0.015703 seconds 
========================================================================
Received Import Request.
  Time since last request: 0.000258 seconds.
  path: Assets/Sprites/armário amarelo.obj
  artifactKey: Guid(8f481bdddfdad0a499c4ca4c1a4d7f4d) Importer(815301076,1909f56bfc062723c751e8b465ee728b)
Start importing Assets/Sprites/armário amarelo.obj using Guid(8f481bdddfdad0a499c4ca4c1a4d7f4d) Importer(815301076,1909f56bfc062723c751e8b465ee728b)  -> (artifact id: 'b3ebb81388f9aad0bfbdf2ae03359597') in 0.016535 seconds 
========================================================================
Received Import Request.
  Time since last request: 0.000284 seconds.
  path: Assets/Sprites/escada.png
  artifactKey: Guid(0987b055c23c302468c21bede2d1c86c) Importer(815301076,1909f56bfc062723c751e8b465ee728b)
Start importing Assets/Sprites/escada.png using Guid(0987b055c23c302468c21bede2d1c86c) Importer(815301076,1909f56bfc062723c751e8b465ee728b)  -> (artifact id: 'ebca7108c8b5d7e395ee99449b2938d8') in 0.004259 seconds 
========================================================================
Received Import Request.
  Time since last request: 0.000230 seconds.
  path: Assets/Sprites/lixo vermelho 1.png
  artifactKey: Guid(d160302412edbfd47859c324d3df3eec) Importer(815301076,1909f56bfc062723c751e8b465ee728b)
Start importing Assets/Sprites/lixo vermelho 1.png using Guid(d160302412edbfd47859c324d3df3eec) Importer(815301076,1909f56bfc062723c751e8b465ee728b)  -> (artifact id: '3b9cef1b7c08125301a7ed61aa9d9ff5') in 0.004870 seconds 
